-- The C compiler identification is GNU 12.3.0
-- The CXX compiler identification is GNU 12.3.0
-- Detecting C compiler ABI info
-- Detecting C compiler ABI info - done
-- Check for working C compiler: /usr/bin/cc - skipped
-- Detecting C compile features
-- Detecting C compile features - done
-- Detecting CXX compiler ABI info
-- Detecting CXX compiler ABI info - done
-- Check for working CXX compiler: /usr/bin/c++ - skipped
-- Detecting CXX compile features
-- Detecting CXX compile features - done
-- Found ament_cmake: 1.3.13 (/opt/ros/humble/share/ament_cmake/cmake)
-- Found Python3: /usr/bin/python3 (found version "3.10.12") found components: Interpreter
-- Found rclcpp: 16.0.18 (/opt/ros/humble/share/rclcpp/cmake)
-- Found rosidl_generator_c: 3.1.8 (/opt/ros/humble/share/rosidl_generator_c/cmake)
-- Found rosidl_adapter: 3.1.8 (/opt/ros/humble/share/rosidl_adapter/cmake)
-- Found rosidl_generator_cpp: 3.1.8 (/opt/ros/humble/share/rosidl_generator_cpp/cmake)
-- Using all available rosidl_typesupport_c: rosidl_typesupport_fastrtps_c;rosidl_typesupport_introspection_c
-- Using all available rosidl_typesupport_cpp: rosidl_typesupport_fastrtps_cpp;rosidl_typesupport_introspection_cpp
-- Found rmw_implementation_cmake: 6.1.2 (/opt/ros/humble/share/rmw_implementation_cmake/cmake)
-- Found rmw_fastrtps_cpp: 6.2.10 (/opt/ros/humble/share/rmw_fastrtps_cpp/cmake)
-- Found OpenSSL: /usr/lib/x86_64-linux-gnu/libcrypto.so (found version "3.0.2")
-- Found FastRTPS: /opt/ros/humble/include
-- Using RMW implementation 'rmw_fastrtps_cpp' as default
-- Performing Test CMAKE_HAVE_LIBC_PTHREAD
-- Performing Test CMAKE_HAVE_LIBC_PTHREAD - Success
-- Found Threads: TRUE
-- Found rclcpp_components: 16.0.18 (/opt/ros/humble/share/rclcpp_components/cmake)
-- Found sensor_msgs: 4.9.1 (/opt/ros/humble/share/sensor_msgs/cmake)
-- Found image_transport: 3.1.12 (/opt/ros/humble/share/image_transport/cmake)
-- Found camera_info_manager: 3.1.12 (/opt/ros/humble/share/camera_info_manager/cmake)
-- Found ament_lint_auto: 0.12.15 (/opt/ros/humble/share/ament_lint_auto/cmake)
-- Added test 'copyright' to check source files copyright and LICENSE
-- Added test 'cppcheck' to perform static code analysis on C / C++ code
-- Configured cppcheck include dirs: $<BUILD_INTERFACE:/home/xiong/ros2_hik_camera/hikSDK/include>
-- Configured cppcheck exclude dirs and/or files: 
-- Added test 'cpplint' to check C / C++ code against the Google style
-- Configured cpplint exclude dirs and/or files: 
-- Added test 'flake8' to check Python code syntax and style conventions
-- Added test 'lint_cmake' to check CMake code style
-- Added test 'pep257' to check Python code against some of the docstring style conventions in PEP 257
-- Added test 'uncrustify' to check C / C++ code style
-- Configured uncrustify additional arguments: 
-- Added test 'xmllint' to check XML markup files
-- Configuring done (1.6s)
-- Generating done (0.0s)
-- Build files have been written to: /home/xiong/ros2_hik_camera/build/hik_camera
[ 25%] [32mBuilding CXX object CMakeFiles/hik_camera.dir/src/hik_camera_node.cpp.o[0m
[ 50%] [32mBuilding CXX object CMakeFiles/hik_camera_node.dir/rclcpp_components/node_main_hik_camera_node.cpp.o[0m
[ 75%] [32m[1mLinking CXX executable hik_camera_node[0m
[ 75%] Built target hik_camera_node
[100%] [32m[1mLinking CXX shared library libhik_camera.so[0m
[100%] Built target hik_camera
-- Install configuration: ""
-- Installing: /home/xiong/ros2_hik_camera/install/hik_camera/lib/hik_camera/hik_camera_node
-- Set non-toolchain portion of runtime path of "/home/xiong/ros2_hik_camera/install/hik_camera/lib/hik_camera/hik_camera_node" to ""
-- Installing: /home/xiong/ros2_hik_camera/install/hik_camera/lib/libhik_camera.so
-- Set non-toolchain portion of runtime path of "/home/xiong/ros2_hik_camera/install/hik_camera/lib/libhik_camera.so" to ""
-- Up-to-date: /home/xiong/ros2_hik_camera/install/hik_camera/lib/hik_camera/hik_camera_node
-- Installing: /home/xiong/ros2_hik_camera/install/hik_camera/share/hik_camera/config
-- Installing: /home/xiong/ros2_hik_camera/install/hik_camera/share/hik_camera/config/camera1.yaml
-- Installing: /home/xiong/ros2_hik_camera/install/hik_camera/share/hik_camera/config/hik_camera_config.yaml
-- Installing: /home/xiong/ros2_hik_camera/install/hik_camera/share/hik_camera/config/camera0.yaml
-- Installing: /home/xiong/ros2_hik_camera/install/hik_camera/share/hik_camera/launch
-- Installing: /home/xiong/ros2_hik_camera/install/hik_camera/share/hik_camera/launch/hik_camera.launch.py
-- Installing: /home/xiong/ros2_hik_camera/install/hik_camera/share/hik_camera/launch/calibrationbiaoding.launch.py
-- Installing: /home/xiong/ros2_hik_camera/install/hik_camera/share/ament_index/resource_index/package_run_dependencies/hik_camera
-- Installing: /home/xiong/ros2_hik_camera/install/hik_camera/share/ament_index/resource_index/parent_prefix_path/hik_camera
-- Installing: /home/xiong/ros2_hik_camera/install/hik_camera/share/hik_camera/environment/ament_prefix_path.sh
-- Installing: /home/xiong/ros2_hik_camera/install/hik_camera/share/hik_camera/environment/ament_prefix_path.dsv
-- Installing: /home/xiong/ros2_hik_camera/install/hik_camera/share/hik_camera/environment/path.sh
-- Installing: /home/xiong/ros2_hik_camera/install/hik_camera/share/hik_camera/environment/path.dsv
-- Installing: /home/xiong/ros2_hik_camera/install/hik_camera/share/hik_camera/local_setup.bash
-- Installing: /home/xiong/ros2_hik_camera/install/hik_camera/share/hik_camera/local_setup.sh
-- Installing: /home/xiong/ros2_hik_camera/install/hik_camera/share/hik_camera/local_setup.zsh
-- Installing: /home/xiong/ros2_hik_camera/install/hik_camera/share/hik_camera/local_setup.dsv
-- Installing: /home/xiong/ros2_hik_camera/install/hik_camera/share/hik_camera/package.dsv
-- Installing: /home/xiong/ros2_hik_camera/install/hik_camera/share/ament_index/resource_index/packages/hik_camera
-- Installing: /home/xiong/ros2_hik_camera/install/hik_camera/share/ament_index/resource_index/rclcpp_components/hik_camera
-- Installing: /home/xiong/ros2_hik_camera/install/hik_camera/share/hik_camera/cmake/hik_cameraConfig.cmake
-- Installing: /home/xiong/ros2_hik_camera/install/hik_camera/share/hik_camera/cmake/hik_cameraConfig-version.cmake
-- Installing: /home/xiong/ros2_hik_camera/install/hik_camera/share/hik_camera/package.xml
