[0.012s] Invoking command in '/home/xiong/ros2_hik_camera/build/hik_camera': CMAKE_PREFIX_PATH=/opt/ros/humble /usr/local/bin/cmake --build /home/xiong/ros2_hik_camera/build/hik_camera -- -j16 -l16
[0.047s] [ 50%] Built target hik_camera_node
[0.051s] [ 75%] [32mBuilding CXX object CMakeFiles/hik_camera.dir/src/hik_camera_node.cpp.o[0m
[4.550s] [100%] [32m[1mLinking CXX shared library libhik_camera.so[0m
[4.708s] [100%] Built target hik_camera
[4.713s] Invoked command in '/home/xiong/ros2_hik_camera/build/hik_camera' returned '0': CMAKE_PREFIX_PATH=/opt/ros/humble /usr/local/bin/cmake --build /home/xiong/ros2_hik_camera/build/hik_camera -- -j16 -l16
[4.720s] Invoking command in '/home/xiong/ros2_hik_camera/build/hik_camera': CMAKE_PREFIX_PATH=/opt/ros/humble /usr/local/bin/cmake --install /home/xiong/ros2_hik_camera/build/hik_camera
[4.722s] -- Install configuration: ""
[4.722s] -- Up-to-date: /home/xiong/ros2_hik_camera/install/hik_camera/lib/hik_camera/hik_camera_node
[4.723s] -- Installing: /home/xiong/ros2_hik_camera/install/hik_camera/lib/libhik_camera.so
[4.725s] -- Set non-toolchain portion of runtime path of "/home/xiong/ros2_hik_camera/install/hik_camera/lib/libhik_camera.so" to ""
[4.725s] -- Up-to-date: /home/xiong/ros2_hik_camera/install/hik_camera/lib/hik_camera/hik_camera_node
[4.725s] -- Up-to-date: /home/xiong/ros2_hik_camera/install/hik_camera/share/hik_camera/config
[4.725s] -- Up-to-date: /home/xiong/ros2_hik_camera/install/hik_camera/share/hik_camera/config/camera1.yaml
[4.725s] -- Up-to-date: /home/xiong/ros2_hik_camera/install/hik_camera/share/hik_camera/config/hik_camera_config.yaml
[4.726s] -- Up-to-date: /home/xiong/ros2_hik_camera/install/hik_camera/share/hik_camera/config/camera0.yaml
[4.726s] -- Up-to-date: /home/xiong/ros2_hik_camera/install/hik_camera/share/hik_camera/launch
[4.726s] -- Up-to-date: /home/xiong/ros2_hik_camera/install/hik_camera/share/hik_camera/launch/hik_camera.launch.py
[4.726s] -- Up-to-date: /home/xiong/ros2_hik_camera/install/hik_camera/share/hik_camera/launch/calibrationbiaoding.launch.py
[4.726s] -- Up-to-date: /home/xiong/ros2_hik_camera/install/hik_camera/share/ament_index/resource_index/package_run_dependencies/hik_camera
[4.726s] -- Up-to-date: /home/xiong/ros2_hik_camera/install/hik_camera/share/ament_index/resource_index/parent_prefix_path/hik_camera
[4.726s] -- Up-to-date: /home/xiong/ros2_hik_camera/install/hik_camera/share/hik_camera/environment/ament_prefix_path.sh
[4.726s] -- Up-to-date: /home/xiong/ros2_hik_camera/install/hik_camera/share/hik_camera/environment/ament_prefix_path.dsv
[4.726s] -- Up-to-date: /home/xiong/ros2_hik_camera/install/hik_camera/share/hik_camera/environment/path.sh
[4.726s] -- Up-to-date: /home/xiong/ros2_hik_camera/install/hik_camera/share/hik_camera/environment/path.dsv
[4.727s] -- Up-to-date: /home/xiong/ros2_hik_camera/install/hik_camera/share/hik_camera/local_setup.bash
[4.727s] -- Up-to-date: /home/xiong/ros2_hik_camera/install/hik_camera/share/hik_camera/local_setup.sh
[4.727s] -- Up-to-date: /home/xiong/ros2_hik_camera/install/hik_camera/share/hik_camera/local_setup.zsh
[4.727s] -- Up-to-date: /home/xiong/ros2_hik_camera/install/hik_camera/share/hik_camera/local_setup.dsv
[4.727s] -- Installing: /home/xiong/ros2_hik_camera/install/hik_camera/share/hik_camera/package.dsv
[4.727s] -- Up-to-date: /home/xiong/ros2_hik_camera/install/hik_camera/share/ament_index/resource_index/packages/hik_camera
[4.727s] -- Up-to-date: /home/xiong/ros2_hik_camera/install/hik_camera/share/ament_index/resource_index/rclcpp_components/hik_camera
[4.727s] -- Up-to-date: /home/xiong/ros2_hik_camera/install/hik_camera/share/hik_camera/cmake/hik_cameraConfig.cmake
[4.727s] -- Up-to-date: /home/xiong/ros2_hik_camera/install/hik_camera/share/hik_camera/cmake/hik_cameraConfig-version.cmake
[4.727s] -- Up-to-date: /home/xiong/ros2_hik_camera/install/hik_camera/share/hik_camera/package.xml
[4.729s] Invoked command in '/home/xiong/ros2_hik_camera/build/hik_camera' returned '0': CMAKE_PREFIX_PATH=/opt/ros/humble /usr/local/bin/cmake --install /home/xiong/ros2_hik_camera/build/hik_camera
