[0.013s] Invoking command in '/home/xiong/ros2_hik_camera/build/hik_camera': CMAKE_PREFIX_PATH=${CMAKE_PREFIX_PATH}:/opt/ros/humble /usr/bin/cmake --build /home/xiong/ros2_hik_camera/build/hik_camera -- -j16 -l16
[0.072s] [35m[1mConsolidate compiler generated dependencies of target hik_camera_node[0m
[0.072s] [35m[1mConsolidate compiler generated dependencies of target hik_camera[0m
[0.098s] [ 50%] Built target hik_camera
[0.098s] [100%] Built target hik_camera_node
[0.114s] Invoked command in '/home/xiong/ros2_hik_camera/build/hik_camera' returned '0': CMAKE_PREFIX_PATH=${CMAKE_PREFIX_PATH}:/opt/ros/humble /usr/bin/cmake --build /home/xiong/ros2_hik_camera/build/hik_camera -- -j16 -l16
[0.129s] Invoking command in '/home/xiong/ros2_hik_camera/build/hik_camera': CMAKE_PREFIX_PATH=${CMAKE_PREFIX_PATH}:/opt/ros/humble /usr/bin/cmake --install /home/xiong/ros2_hik_camera/build/hik_camera
[0.140s] -- Install configuration: ""
[0.140s] -- Up-to-date: /home/xiong/ros2_hik_camera/install/hik_camera/lib/hik_camera/hik_camera_node
[0.141s] -- Up-to-date: /home/xiong/ros2_hik_camera/install/hik_camera/lib/libhik_camera.so
[0.141s] -- Up-to-date: /home/xiong/ros2_hik_camera/install/hik_camera/lib/hik_camera/hik_camera_node
[0.141s] -- Up-to-date: /home/xiong/ros2_hik_camera/install/hik_camera/share/hik_camera/config
[0.141s] -- Up-to-date: /home/xiong/ros2_hik_camera/install/hik_camera/share/hik_camera/config/camera1.yaml
[0.141s] -- Installing: /home/xiong/ros2_hik_camera/install/hik_camera/share/hik_camera/config/hik_camera_config.yaml
[0.141s] -- Up-to-date: /home/xiong/ros2_hik_camera/install/hik_camera/share/hik_camera/config/camera0.yaml
[0.142s] -- Up-to-date: /home/xiong/ros2_hik_camera/install/hik_camera/share/hik_camera/launch
[0.142s] -- Up-to-date: /home/xiong/ros2_hik_camera/install/hik_camera/share/hik_camera/launch/hik_camera.launch.py
[0.142s] -- Up-to-date: /home/xiong/ros2_hik_camera/install/hik_camera/share/hik_camera/launch/calibrationbiaoding.launch.py
[0.142s] -- Up-to-date: /home/xiong/ros2_hik_camera/install/hik_camera/share/ament_index/resource_index/package_run_dependencies/hik_camera
[0.142s] -- Up-to-date: /home/xiong/ros2_hik_camera/install/hik_camera/share/ament_index/resource_index/parent_prefix_path/hik_camera
[0.142s] -- Up-to-date: /home/xiong/ros2_hik_camera/install/hik_camera/share/hik_camera/environment/ament_prefix_path.sh
[0.142s] -- Up-to-date: /home/xiong/ros2_hik_camera/install/hik_camera/share/hik_camera/environment/ament_prefix_path.dsv
[0.142s] -- Up-to-date: /home/xiong/ros2_hik_camera/install/hik_camera/share/hik_camera/environment/path.sh
[0.142s] -- Up-to-date: /home/xiong/ros2_hik_camera/install/hik_camera/share/hik_camera/environment/path.dsv
[0.142s] -- Up-to-date: /home/xiong/ros2_hik_camera/install/hik_camera/share/hik_camera/local_setup.bash
[0.142s] -- Up-to-date: /home/xiong/ros2_hik_camera/install/hik_camera/share/hik_camera/local_setup.sh
[0.142s] -- Up-to-date: /home/xiong/ros2_hik_camera/install/hik_camera/share/hik_camera/local_setup.zsh
[0.142s] -- Up-to-date: /home/xiong/ros2_hik_camera/install/hik_camera/share/hik_camera/local_setup.dsv
[0.142s] -- Installing: /home/xiong/ros2_hik_camera/install/hik_camera/share/hik_camera/package.dsv
[0.143s] -- Up-to-date: /home/xiong/ros2_hik_camera/install/hik_camera/share/ament_index/resource_index/packages/hik_camera
[0.143s] -- Up-to-date: /home/xiong/ros2_hik_camera/install/hik_camera/share/ament_index/resource_index/rclcpp_components/hik_camera
[0.143s] -- Up-to-date: /home/xiong/ros2_hik_camera/install/hik_camera/share/hik_camera/cmake/hik_cameraConfig.cmake
[0.143s] -- Up-to-date: /home/xiong/ros2_hik_camera/install/hik_camera/share/hik_camera/cmake/hik_cameraConfig-version.cmake
[0.143s] -- Up-to-date: /home/xiong/ros2_hik_camera/install/hik_camera/share/hik_camera/package.xml
[0.145s] Invoked command in '/home/xiong/ros2_hik_camera/build/hik_camera' returned '0': CMAKE_PREFIX_PATH=${CMAKE_PREFIX_PATH}:/opt/ros/humble /usr/bin/cmake --install /home/xiong/ros2_hik_camera/build/hik_camera
