[0.008s] Invoking command in '/home/xiong/ros2_hik_camera/build/hik_camera': CMAKE_PREFIX_PATH=${CMAKE_PREFIX_PATH}:/opt/ros/humble /usr/bin/cmake /home/xiong/ros2_hik_camera -DCMAKE_INSTALL_PREFIX=/home/xiong/ros2_hik_camera/install/hik_camera
[0.053s] -- The C compiler identification is GNU 12.3.0
[0.097s] -- The CXX compiler identification is GNU 12.3.0
[0.103s] -- Detecting C compiler ABI info
[0.164s] -- Detecting C compiler ABI info - done
[0.169s] -- Check for working C compiler: /usr/bin/cc - skipped
[0.169s] -- Detecting C compile features
[0.169s] -- Detecting C compile features - done
[0.172s] -- Detecting CXX compiler ABI info
[0.239s] -- Detecting CXX compiler ABI info - done
[0.244s] -- Check for working CXX compiler: /usr/bin/c++ - skipped
[0.244s] -- Detecting CXX compile features
[0.245s] -- Detecting CXX compile features - done
[0.246s] -- Found ament_cmake: 1.3.13 (/opt/ros/humble/share/ament_cmake/cmake)
[0.352s] -- Found Python3: /usr/bin/python3 (found version "3.10.12") found components: Interpreter 
[0.413s] -- Found rclcpp: 16.0.18 (/opt/ros/humble/share/rclcpp/cmake)
[0.441s] -- Found rosidl_generator_c: 3.1.8 (/opt/ros/humble/share/rosidl_generator_c/cmake)
[0.444s] -- Found rosidl_adapter: 3.1.8 (/opt/ros/humble/share/rosidl_adapter/cmake)
[0.450s] -- Found rosidl_generator_cpp: 3.1.8 (/opt/ros/humble/share/rosidl_generator_cpp/cmake)
[0.458s] -- Using all available rosidl_typesupport_c: rosidl_typesupport_fastrtps_c;rosidl_typesupport_introspection_c
[0.468s] -- Using all available rosidl_typesupport_cpp: rosidl_typesupport_fastrtps_cpp;rosidl_typesupport_introspection_cpp
[0.496s] -- Found rmw_implementation_cmake: 6.1.2 (/opt/ros/humble/share/rmw_implementation_cmake/cmake)
[0.498s] -- Found rmw_fastrtps_cpp: 6.2.10 (/opt/ros/humble/share/rmw_fastrtps_cpp/cmake)
[0.570s] -- Found OpenSSL: /usr/lib/x86_64-linux-gnu/libcrypto.so (found version "3.0.2")  
[0.591s] -- Found FastRTPS: /opt/ros/humble/include  
[0.626s] -- Using RMW implementation 'rmw_fastrtps_cpp' as default
[0.631s] -- Looking for pthread.h
[0.696s] -- Looking for pthread.h - found
[0.696s] -- Performing Test CMAKE_HAVE_LIBC_PTHREAD
[0.760s] -- Performing Test CMAKE_HAVE_LIBC_PTHREAD - Success
[0.761s] -- Found Threads: TRUE  
[0.796s] -- Found rclcpp_components: 16.0.18 (/opt/ros/humble/share/rclcpp_components/cmake)
[0.816s] -- Found sensor_msgs: 4.9.1 (/opt/ros/humble/share/sensor_msgs/cmake)
[0.837s] -- Found image_transport: 3.1.12 (/opt/ros/humble/share/image_transport/cmake)
[0.855s] -- Found camera_info_manager: 3.1.12 (/opt/ros/humble/share/camera_info_manager/cmake)
[0.865s] -- Found ament_lint_auto: 0.12.15 (/opt/ros/humble/share/ament_lint_auto/cmake)
[0.921s] -- Added test 'copyright' to check source files copyright and LICENSE
[0.931s] -- Added test 'cppcheck' to perform static code analysis on C / C++ code
[0.931s] -- Configured cppcheck include dirs: $<BUILD_INTERFACE:/home/xiong/ros2_hik_camera/hikSDK/include>
[0.931s] -- Configured cppcheck exclude dirs and/or files: 
[0.940s] -- Added test 'cpplint' to check C / C++ code against the Google style
[0.940s] -- Configured cpplint exclude dirs and/or files: 
[0.942s] -- Added test 'flake8' to check Python code syntax and style conventions
[0.944s] -- Added test 'lint_cmake' to check CMake code style
[0.946s] -- Added test 'pep257' to check Python code against some of the docstring style conventions in PEP 257
[0.955s] -- Added test 'uncrustify' to check C / C++ code style
[0.955s] -- Configured uncrustify additional arguments: 
[0.957s] -- Added test 'xmllint' to check XML markup files
[0.958s] -- Configuring done
[0.969s] -- Generating done
[0.973s] -- Build files have been written to: /home/xiong/ros2_hik_camera/build/hik_camera
[0.983s] Invoked command in '/home/xiong/ros2_hik_camera/build/hik_camera' returned '0': CMAKE_PREFIX_PATH=${CMAKE_PREFIX_PATH}:/opt/ros/humble /usr/bin/cmake /home/xiong/ros2_hik_camera -DCMAKE_INSTALL_PREFIX=/home/xiong/ros2_hik_camera/install/hik_camera
[0.985s] Invoking command in '/home/xiong/ros2_hik_camera/build/hik_camera': CMAKE_PREFIX_PATH=${CMAKE_PREFIX_PATH}:/opt/ros/humble /usr/bin/cmake --build /home/xiong/ros2_hik_camera/build/hik_camera -- -j16 -l16
[1.031s] [ 50%] [32mBuilding CXX object CMakeFiles/hik_camera.dir/src/hik_camera_node.cpp.o[0m
[1.032s] [ 50%] [32mBuilding CXX object CMakeFiles/hik_camera_node.dir/rclcpp_components/node_main_hik_camera_node.cpp.o[0m
[3.426s] [ 75%] [32m[1mLinking CXX executable hik_camera_node[0m
[3.517s] [ 75%] Built target hik_camera_node
[4.059s] [100%] [32m[1mLinking CXX shared library libhik_camera.so[0m
[4.185s] [100%] Built target hik_camera
[4.198s] Invoked command in '/home/xiong/ros2_hik_camera/build/hik_camera' returned '0': CMAKE_PREFIX_PATH=${CMAKE_PREFIX_PATH}:/opt/ros/humble /usr/bin/cmake --build /home/xiong/ros2_hik_camera/build/hik_camera -- -j16 -l16
[4.210s] Invoking command in '/home/xiong/ros2_hik_camera/build/hik_camera': CMAKE_PREFIX_PATH=${CMAKE_PREFIX_PATH}:/opt/ros/humble /usr/bin/cmake --install /home/xiong/ros2_hik_camera/build/hik_camera
[4.218s] -- Install configuration: ""
[4.218s] -- Installing: /home/xiong/ros2_hik_camera/install/hik_camera/lib/hik_camera/hik_camera_node
[4.218s] -- Set runtime path of "/home/xiong/ros2_hik_camera/install/hik_camera/lib/hik_camera/hik_camera_node" to ""
[4.218s] -- Installing: /home/xiong/ros2_hik_camera/install/hik_camera/lib/libhik_camera.so
[4.220s] -- Set runtime path of "/home/xiong/ros2_hik_camera/install/hik_camera/lib/libhik_camera.so" to ""
[4.220s] -- Up-to-date: /home/xiong/ros2_hik_camera/install/hik_camera/lib/hik_camera/hik_camera_node
[4.220s] -- Installing: /home/xiong/ros2_hik_camera/install/hik_camera/share/hik_camera/config
[4.220s] -- Installing: /home/xiong/ros2_hik_camera/install/hik_camera/share/hik_camera/config/camera1.yaml
[4.220s] -- Installing: /home/xiong/ros2_hik_camera/install/hik_camera/share/hik_camera/config/hik_camera_config.yaml
[4.220s] -- Installing: /home/xiong/ros2_hik_camera/install/hik_camera/share/hik_camera/config/camera0.yaml
[4.220s] -- Installing: /home/xiong/ros2_hik_camera/install/hik_camera/share/hik_camera/launch
[4.220s] -- Installing: /home/xiong/ros2_hik_camera/install/hik_camera/share/hik_camera/launch/hik_camera.launch.py
[4.220s] -- Installing: /home/xiong/ros2_hik_camera/install/hik_camera/share/hik_camera/launch/calibrationbiaoding.launch.py
[4.221s] -- Installing: /home/xiong/ros2_hik_camera/install/hik_camera/share/ament_index/resource_index/package_run_dependencies/hik_camera
[4.221s] -- Installing: /home/xiong/ros2_hik_camera/install/hik_camera/share/ament_index/resource_index/parent_prefix_path/hik_camera
[4.221s] -- Installing: /home/xiong/ros2_hik_camera/install/hik_camera/share/hik_camera/environment/ament_prefix_path.sh
[4.221s] -- Installing: /home/xiong/ros2_hik_camera/install/hik_camera/share/hik_camera/environment/ament_prefix_path.dsv
[4.221s] -- Installing: /home/xiong/ros2_hik_camera/install/hik_camera/share/hik_camera/environment/path.sh
[4.221s] -- Installing: /home/xiong/ros2_hik_camera/install/hik_camera/share/hik_camera/environment/path.dsv
[4.221s] -- Installing: /home/xiong/ros2_hik_camera/install/hik_camera/share/hik_camera/local_setup.bash
[4.222s] -- Installing: /home/xiong/ros2_hik_camera/install/hik_camera/share/hik_camera/local_setup.sh
[4.222s] -- Installing: /home/xiong/ros2_hik_camera/install/hik_camera/share/hik_camera/local_setup.zsh
[4.222s] -- Installing: /home/xiong/ros2_hik_camera/install/hik_camera/share/hik_camera/local_setup.dsv
[4.222s] -- Installing: /home/xiong/ros2_hik_camera/install/hik_camera/share/hik_camera/package.dsv
[4.222s] -- Installing: /home/xiong/ros2_hik_camera/install/hik_camera/share/ament_index/resource_index/packages/hik_camera
[4.222s] -- Installing: /home/xiong/ros2_hik_camera/install/hik_camera/share/ament_index/resource_index/rclcpp_components/hik_camera
[4.222s] -- Installing: /home/xiong/ros2_hik_camera/install/hik_camera/share/hik_camera/cmake/hik_cameraConfig.cmake
[4.222s] -- Installing: /home/xiong/ros2_hik_camera/install/hik_camera/share/hik_camera/cmake/hik_cameraConfig-version.cmake
[4.223s] -- Installing: /home/xiong/ros2_hik_camera/install/hik_camera/share/hik_camera/package.xml
[4.225s] Invoked command in '/home/xiong/ros2_hik_camera/build/hik_camera' returned '0': CMAKE_PREFIX_PATH=${CMAKE_PREFIX_PATH}:/opt/ros/humble /usr/bin/cmake --install /home/xiong/ros2_hik_camera/build/hik_camera
