[0.081s] DEBUG:colcon:Command line arguments: ['/usr/bin/colcon', 'build']
[0.081s] DEBUG:colcon:Parsed command line arguments: Namespace(log_base=None, log_level=None, verb_name='build', build_base='build', install_base='install', merge_install=False, symlink_install=False, test_result_base=None, continue_on_error=False, executor='parallel', parallel_workers=16, event_handlers=None, ignore_user_meta=False, metas=['./colcon.meta'], base_paths=['.'], packages_ignore=None, packages_ignore_regex=None, paths=None, packages_up_to=None, packages_up_to_regex=None, packages_above=None, packages_above_and_dependencies=None, packages_above_depth=None, packages_select_by_dep=None, packages_skip_by_dep=None, packages_skip_up_to=None, packages_select_build_failed=False, packages_skip_build_finished=False, packages_select_test_failures=False, packages_skip_test_passed=False, packages_select=None, packages_skip=None, packages_select_regex=None, packages_skip_regex=None, packages_start=None, packages_end=None, allow_overriding=[], cmake_args=None, cmake_target=None, cmake_target_skip_unavailable=False, cmake_clean_cache=False, cmake_clean_first=False, cmake_force_configure=False, ament_cmake_args=None, catkin_cmake_args=None, catkin_skip_building_tests=False, verb_parser=<colcon_defaults.argument_parser.defaults.DefaultArgumentsDecorator object at 0x727bf032fc40>, verb_extension=<colcon_core.verb.build.BuildVerb object at 0x727bf032ec20>, main=<bound method BuildVerb.main of <colcon_core.verb.build.BuildVerb object at 0x727bf032ec20>>)
[0.198s] Level 1:colcon.colcon_core.package_discovery:discover_packages(colcon_meta) check parameters
[0.198s] Level 1:colcon.colcon_core.package_discovery:discover_packages(recursive) check parameters
[0.198s] Level 1:colcon.colcon_core.package_discovery:discover_packages(ignore) check parameters
[0.198s] Level 1:colcon.colcon_core.package_discovery:discover_packages(path) check parameters
[0.198s] Level 1:colcon.colcon_core.package_discovery:discover_packages(colcon_meta) discover
[0.198s] Level 1:colcon.colcon_core.package_discovery:discover_packages(recursive) discover
[0.198s] INFO:colcon.colcon_core.package_discovery:Crawling recursively for packages in '/home/xiong/ros2_hik_camera'
[0.198s] Level 1:colcon.colcon_core.package_identification:_identify(.) by extensions ['ignore', 'ignore_ament_install']
[0.199s] Level 1:colcon.colcon_core.package_identification:_identify(.) by extension 'ignore'
[0.199s] Level 1:colcon.colcon_core.package_identification:_identify(.) by extension 'ignore_ament_install'
[0.199s] Level 1:colcon.colcon_core.package_identification:_identify(.) by extensions ['colcon_pkg']
[0.199s] Level 1:colcon.colcon_core.package_identification:_identify(.) by extension 'colcon_pkg'
[0.199s] Level 1:colcon.colcon_core.package_identification:_identify(.) by extensions ['colcon_meta']
[0.199s] Level 1:colcon.colcon_core.package_identification:_identify(.) by extension 'colcon_meta'
[0.199s] Level 1:colcon.colcon_core.package_identification:_identify(.) by extensions ['ros']
[0.199s] Level 1:colcon.colcon_core.package_identification:_identify(.) by extension 'ros'
[0.209s] DEBUG:colcon.colcon_core.package_identification:Package '.' with type 'ros.ament_cmake' and name 'hik_camera'
[0.209s] Level 1:colcon.colcon_core.package_discovery:discover_packages(recursive) using defaults
[0.209s] Level 1:colcon.colcon_core.package_discovery:discover_packages(ignore) discover
[0.209s] Level 1:colcon.colcon_core.package_discovery:discover_packages(ignore) using defaults
[0.209s] Level 1:colcon.colcon_core.package_discovery:discover_packages(path) discover
[0.209s] Level 1:colcon.colcon_core.package_discovery:discover_packages(path) using defaults
[0.223s] Level 1:colcon.colcon_core.package_discovery:discover_packages(prefix_path) check parameters
[0.223s] Level 1:colcon.colcon_core.package_discovery:discover_packages(prefix_path) discover
[0.225s] DEBUG:colcon.colcon_installed_package_information.package_discovery:Found 279 installed packages in /opt/ros/humble
[0.238s] Level 1:colcon.colcon_core.package_discovery:discover_packages(prefix_path) using defaults
[0.265s] Level 5:colcon.colcon_core.verb:set package 'hik_camera' build argument 'cmake_args' from command line to 'None'
[0.265s] Level 5:colcon.colcon_core.verb:set package 'hik_camera' build argument 'cmake_target' from command line to 'None'
[0.265s] Level 5:colcon.colcon_core.verb:set package 'hik_camera' build argument 'cmake_target_skip_unavailable' from command line to 'False'
[0.265s] Level 5:colcon.colcon_core.verb:set package 'hik_camera' build argument 'cmake_clean_cache' from command line to 'False'
[0.265s] Level 5:colcon.colcon_core.verb:set package 'hik_camera' build argument 'cmake_clean_first' from command line to 'False'
[0.265s] Level 5:colcon.colcon_core.verb:set package 'hik_camera' build argument 'cmake_force_configure' from command line to 'False'
[0.265s] Level 5:colcon.colcon_core.verb:set package 'hik_camera' build argument 'ament_cmake_args' from command line to 'None'
[0.265s] Level 5:colcon.colcon_core.verb:set package 'hik_camera' build argument 'catkin_cmake_args' from command line to 'None'
[0.265s] Level 5:colcon.colcon_core.verb:set package 'hik_camera' build argument 'catkin_skip_building_tests' from command line to 'False'
[0.265s] DEBUG:colcon.colcon_core.verb:Building package 'hik_camera' with the following arguments: {'ament_cmake_args': None, 'build_base': '/home/xiong/ros2_hik_camera/build/hik_camera', 'catkin_cmake_args': None, 'catkin_skip_building_tests': False, 'cmake_args': None, 'cmake_clean_cache': False, 'cmake_clean_first': False, 'cmake_force_configure': False, 'cmake_target': None, 'cmake_target_skip_unavailable': False, 'install_base': '/home/xiong/ros2_hik_camera/install/hik_camera', 'merge_install': False, 'path': '/home/xiong/ros2_hik_camera', 'symlink_install': False, 'test_result_base': None}
[0.265s] INFO:colcon.colcon_core.executor:Executing jobs using 'parallel' executor
[0.266s] DEBUG:colcon.colcon_parallel_executor.executor.parallel:run_until_complete
[0.266s] INFO:colcon.colcon_ros.task.ament_cmake.build:Building ROS package in '/home/xiong/ros2_hik_camera' with build type 'ament_cmake'
[0.267s] INFO:colcon.colcon_cmake.task.cmake.build:Building CMake package in '/home/xiong/ros2_hik_camera'
[0.268s] INFO:colcon.colcon_core.plugin_system:Skipping extension 'colcon_core.shell.bat': Not used on non-Windows systems
[0.268s] INFO:colcon.colcon_core.shell:Skip shell extension 'powershell' for command environment: Not usable outside of PowerShell
[0.268s] DEBUG:colcon.colcon_core.shell:Skip shell extension 'dsv' for command environment
[0.275s] DEBUG:colcon.colcon_core.event_handler.log_command:Invoking command in '/home/xiong/ros2_hik_camera/build/hik_camera': CMAKE_PREFIX_PATH=/opt/ros/humble /usr/local/bin/cmake --build /home/xiong/ros2_hik_camera/build/hik_camera -- -j16 -l16
[3.544s] DEBUG:colcon.colcon_core.event_handler.log_command:Invoked command in '/home/xiong/ros2_hik_camera/build/hik_camera' returned '0': CMAKE_PREFIX_PATH=/opt/ros/humble /usr/local/bin/cmake --build /home/xiong/ros2_hik_camera/build/hik_camera -- -j16 -l16
[3.547s] DEBUG:colcon.colcon_core.event_handler.log_command:Invoking command in '/home/xiong/ros2_hik_camera/build/hik_camera': CMAKE_PREFIX_PATH=/opt/ros/humble /usr/local/bin/cmake --install /home/xiong/ros2_hik_camera/build/hik_camera
[3.552s] Level 1:colcon.colcon_core.environment:create_environment_scripts_only(hik_camera)
[3.553s] DEBUG:colcon.colcon_core.event_handler.log_command:Invoked command in '/home/xiong/ros2_hik_camera/build/hik_camera' returned '0': CMAKE_PREFIX_PATH=/opt/ros/humble /usr/local/bin/cmake --install /home/xiong/ros2_hik_camera/build/hik_camera
[3.554s] Level 1:colcon.colcon_core.environment:checking '/home/xiong/ros2_hik_camera/install/hik_camera' for CMake module files
[3.555s] Level 1:colcon.colcon_core.environment:checking '/home/xiong/ros2_hik_camera/install/hik_camera' for CMake config files
[3.555s] Level 1:colcon.colcon_core.shell:create_environment_hook('hik_camera', 'cmake_prefix_path')
[3.555s] INFO:colcon.colcon_core.shell:Creating environment hook '/home/xiong/ros2_hik_camera/install/hik_camera/share/hik_camera/hook/cmake_prefix_path.ps1'
[3.555s] INFO:colcon.colcon_core.shell:Creating environment descriptor '/home/xiong/ros2_hik_camera/install/hik_camera/share/hik_camera/hook/cmake_prefix_path.dsv'
[3.556s] INFO:colcon.colcon_core.shell:Creating environment hook '/home/xiong/ros2_hik_camera/install/hik_camera/share/hik_camera/hook/cmake_prefix_path.sh'
[3.556s] Level 1:colcon.colcon_core.environment:checking '/home/xiong/ros2_hik_camera/install/hik_camera/lib'
[3.556s] Level 1:colcon.colcon_core.shell:create_environment_hook('hik_camera', 'ld_library_path_lib')
[3.557s] INFO:colcon.colcon_core.shell:Creating environment hook '/home/xiong/ros2_hik_camera/install/hik_camera/share/hik_camera/hook/ld_library_path_lib.ps1'
[3.557s] INFO:colcon.colcon_core.shell:Creating environment descriptor '/home/xiong/ros2_hik_camera/install/hik_camera/share/hik_camera/hook/ld_library_path_lib.dsv'
[3.557s] INFO:colcon.colcon_core.shell:Creating environment hook '/home/xiong/ros2_hik_camera/install/hik_camera/share/hik_camera/hook/ld_library_path_lib.sh'
[3.557s] Level 1:colcon.colcon_core.environment:checking '/home/xiong/ros2_hik_camera/install/hik_camera/bin'
[3.557s] Level 1:colcon.colcon_core.environment:checking '/home/xiong/ros2_hik_camera/install/hik_camera/lib/pkgconfig/hik_camera.pc'
[3.558s] Level 1:colcon.colcon_core.environment:checking '/home/xiong/ros2_hik_camera/install/hik_camera/lib/python3.10/site-packages'
[3.558s] Level 1:colcon.colcon_core.environment:checking '/home/xiong/ros2_hik_camera/install/hik_camera/bin'
[3.558s] INFO:colcon.colcon_core.shell:Creating package script '/home/xiong/ros2_hik_camera/install/hik_camera/share/hik_camera/package.ps1'
[3.558s] INFO:colcon.colcon_core.shell:Creating package descriptor '/home/xiong/ros2_hik_camera/install/hik_camera/share/hik_camera/package.dsv'
[3.559s] INFO:colcon.colcon_core.shell:Creating package script '/home/xiong/ros2_hik_camera/install/hik_camera/share/hik_camera/package.sh'
[3.559s] INFO:colcon.colcon_core.shell:Creating package script '/home/xiong/ros2_hik_camera/install/hik_camera/share/hik_camera/package.bash'
[3.560s] INFO:colcon.colcon_core.shell:Creating package script '/home/xiong/ros2_hik_camera/install/hik_camera/share/hik_camera/package.zsh'
[3.560s] Level 1:colcon.colcon_core.environment:create_file_with_runtime_dependencies(/home/xiong/ros2_hik_camera/install/hik_camera/share/colcon-core/packages/hik_camera)
[3.561s] Level 1:colcon.colcon_core.environment:create_environment_scripts_only(hik_camera)
[3.561s] Level 1:colcon.colcon_core.environment:checking '/home/xiong/ros2_hik_camera/install/hik_camera' for CMake module files
[3.561s] Level 1:colcon.colcon_core.environment:checking '/home/xiong/ros2_hik_camera/install/hik_camera' for CMake config files
[3.561s] Level 1:colcon.colcon_core.shell:create_environment_hook('hik_camera', 'cmake_prefix_path')
[3.561s] INFO:colcon.colcon_core.shell:Creating environment hook '/home/xiong/ros2_hik_camera/install/hik_camera/share/hik_camera/hook/cmake_prefix_path.ps1'
[3.562s] INFO:colcon.colcon_core.shell:Creating environment descriptor '/home/xiong/ros2_hik_camera/install/hik_camera/share/hik_camera/hook/cmake_prefix_path.dsv'
[3.562s] INFO:colcon.colcon_core.shell:Creating environment hook '/home/xiong/ros2_hik_camera/install/hik_camera/share/hik_camera/hook/cmake_prefix_path.sh'
[3.562s] Level 1:colcon.colcon_core.environment:checking '/home/xiong/ros2_hik_camera/install/hik_camera/lib'
[3.562s] Level 1:colcon.colcon_core.shell:create_environment_hook('hik_camera', 'ld_library_path_lib')
[3.563s] INFO:colcon.colcon_core.shell:Creating environment hook '/home/xiong/ros2_hik_camera/install/hik_camera/share/hik_camera/hook/ld_library_path_lib.ps1'
[3.563s] INFO:colcon.colcon_core.shell:Creating environment descriptor '/home/xiong/ros2_hik_camera/install/hik_camera/share/hik_camera/hook/ld_library_path_lib.dsv'
[3.563s] INFO:colcon.colcon_core.shell:Creating environment hook '/home/xiong/ros2_hik_camera/install/hik_camera/share/hik_camera/hook/ld_library_path_lib.sh'
[3.563s] Level 1:colcon.colcon_core.environment:checking '/home/xiong/ros2_hik_camera/install/hik_camera/bin'
[3.563s] Level 1:colcon.colcon_core.environment:checking '/home/xiong/ros2_hik_camera/install/hik_camera/lib/pkgconfig/hik_camera.pc'
[3.563s] Level 1:colcon.colcon_core.environment:checking '/home/xiong/ros2_hik_camera/install/hik_camera/lib/python3.10/site-packages'
[3.564s] Level 1:colcon.colcon_core.environment:checking '/home/xiong/ros2_hik_camera/install/hik_camera/bin'
[3.564s] INFO:colcon.colcon_core.shell:Creating package script '/home/xiong/ros2_hik_camera/install/hik_camera/share/hik_camera/package.ps1'
[3.564s] INFO:colcon.colcon_core.shell:Creating package descriptor '/home/xiong/ros2_hik_camera/install/hik_camera/share/hik_camera/package.dsv'
[3.565s] INFO:colcon.colcon_core.shell:Creating package script '/home/xiong/ros2_hik_camera/install/hik_camera/share/hik_camera/package.sh'
[3.565s] INFO:colcon.colcon_core.shell:Creating package script '/home/xiong/ros2_hik_camera/install/hik_camera/share/hik_camera/package.bash'
[3.565s] INFO:colcon.colcon_core.shell:Creating package script '/home/xiong/ros2_hik_camera/install/hik_camera/share/hik_camera/package.zsh'
[3.565s] Level 1:colcon.colcon_core.environment:create_file_with_runtime_dependencies(/home/xiong/ros2_hik_camera/install/hik_camera/share/colcon-core/packages/hik_camera)
[3.566s] DEBUG:colcon.colcon_parallel_executor.executor.parallel:closing loop
[3.566s] DEBUG:colcon.colcon_parallel_executor.executor.parallel:loop closed
[3.566s] DEBUG:colcon.colcon_parallel_executor.executor.parallel:run_until_complete finished with '0'
[3.566s] DEBUG:colcon.colcon_core.event_reactor:joining thread
[3.570s] INFO:colcon.colcon_core.plugin_system:Skipping extension 'colcon_notification.desktop_notification.terminal_notifier': Not used on non-Darwin systems
[3.570s] INFO:colcon.colcon_core.plugin_system:Skipping extension 'colcon_notification.desktop_notification.win32': Not used on non-Windows systems
[3.570s] INFO:colcon.colcon_notification.desktop_notification:Sending desktop notification using 'notify2'
[3.580s] DEBUG:colcon.colcon_core.event_reactor:joined thread
[3.580s] INFO:colcon.colcon_core.shell:Creating prefix script '/home/xiong/ros2_hik_camera/install/local_setup.ps1'
[3.581s] INFO:colcon.colcon_core.shell:Creating prefix util module '/home/xiong/ros2_hik_camera/install/_local_setup_util_ps1.py'
[3.582s] INFO:colcon.colcon_core.shell:Creating prefix chain script '/home/xiong/ros2_hik_camera/install/setup.ps1'
[3.583s] INFO:colcon.colcon_core.shell:Creating prefix script '/home/xiong/ros2_hik_camera/install/local_setup.sh'
[3.583s] INFO:colcon.colcon_core.shell:Creating prefix util module '/home/xiong/ros2_hik_camera/install/_local_setup_util_sh.py'
[3.584s] INFO:colcon.colcon_core.shell:Creating prefix chain script '/home/xiong/ros2_hik_camera/install/setup.sh'
[3.584s] INFO:colcon.colcon_core.shell:Creating prefix script '/home/xiong/ros2_hik_camera/install/local_setup.bash'
[3.585s] INFO:colcon.colcon_core.shell:Creating prefix chain script '/home/xiong/ros2_hik_camera/install/setup.bash'
[3.585s] INFO:colcon.colcon_core.shell:Creating prefix script '/home/xiong/ros2_hik_camera/install/local_setup.zsh'
[3.585s] INFO:colcon.colcon_core.shell:Creating prefix chain script '/home/xiong/ros2_hik_camera/install/setup.zsh'
