[0.073s] DEBUG:colcon:Command line arguments: ['/usr/bin/colcon', 'build']
[0.073s] DEBUG:colcon:Parsed command line arguments: Namespace(log_base=None, log_level=None, verb_name='build', build_base='build', install_base='install', merge_install=False, symlink_install=False, test_result_base=None, continue_on_error=False, executor='parallel', parallel_workers=16, event_handlers=None, ignore_user_meta=False, metas=['./colcon.meta'], base_paths=['.'], packages_ignore=None, packages_ignore_regex=None, paths=None, packages_up_to=None, packages_up_to_regex=None, packages_above=None, packages_above_and_dependencies=None, packages_above_depth=None, packages_select_by_dep=None, packages_skip_by_dep=None, packages_skip_up_to=None, packages_select_build_failed=False, packages_skip_build_finished=False, packages_select_test_failures=False, packages_skip_test_passed=False, packages_select=None, packages_skip=None, packages_select_regex=None, packages_skip_regex=None, packages_start=None, packages_end=None, allow_overriding=[], cmake_args=None, cmake_target=None, cmake_target_skip_unavailable=False, cmake_clean_cache=False, cmake_clean_first=False, cmake_force_configure=False, ament_cmake_args=None, catkin_cmake_args=None, catkin_skip_building_tests=False, verb_parser=<colcon_defaults.argument_parser.defaults.DefaultArgumentsDecorator object at 0x755cbc733b80>, verb_extension=<colcon_core.verb.build.BuildVerb object at 0x755cbc732b60>, main=<bound method BuildVerb.main of <colcon_core.verb.build.BuildVerb object at 0x755cbc732b60>>)
[0.187s] Level 1:colcon.colcon_core.package_discovery:discover_packages(colcon_meta) check parameters
[0.187s] Level 1:colcon.colcon_core.package_discovery:discover_packages(recursive) check parameters
[0.187s] Level 1:colcon.colcon_core.package_discovery:discover_packages(ignore) check parameters
[0.187s] Level 1:colcon.colcon_core.package_discovery:discover_packages(path) check parameters
[0.187s] Level 1:colcon.colcon_core.package_discovery:discover_packages(colcon_meta) discover
[0.187s] Level 1:colcon.colcon_core.package_discovery:discover_packages(recursive) discover
[0.187s] INFO:colcon.colcon_core.package_discovery:Crawling recursively for packages in '/home/xiong/ros2_hik_camera'
[0.188s] Level 1:colcon.colcon_core.package_identification:_identify(.) by extensions ['ignore', 'ignore_ament_install']
[0.188s] Level 1:colcon.colcon_core.package_identification:_identify(.) by extension 'ignore'
[0.188s] Level 1:colcon.colcon_core.package_identification:_identify(.) by extension 'ignore_ament_install'
[0.188s] Level 1:colcon.colcon_core.package_identification:_identify(.) by extensions ['colcon_pkg']
[0.188s] Level 1:colcon.colcon_core.package_identification:_identify(.) by extension 'colcon_pkg'
[0.188s] Level 1:colcon.colcon_core.package_identification:_identify(.) by extensions ['colcon_meta']
[0.188s] Level 1:colcon.colcon_core.package_identification:_identify(.) by extension 'colcon_meta'
[0.188s] Level 1:colcon.colcon_core.package_identification:_identify(.) by extensions ['ros']
[0.188s] Level 1:colcon.colcon_core.package_identification:_identify(.) by extension 'ros'
[0.197s] DEBUG:colcon.colcon_core.package_identification:Package '.' with type 'ros.ament_cmake' and name 'hik_camera'
[0.197s] Level 1:colcon.colcon_core.package_discovery:discover_packages(recursive) using defaults
[0.198s] Level 1:colcon.colcon_core.package_discovery:discover_packages(ignore) discover
[0.198s] Level 1:colcon.colcon_core.package_discovery:discover_packages(ignore) using defaults
[0.198s] Level 1:colcon.colcon_core.package_discovery:discover_packages(path) discover
[0.198s] Level 1:colcon.colcon_core.package_discovery:discover_packages(path) using defaults
[0.211s] Level 1:colcon.colcon_core.package_discovery:discover_packages(prefix_path) check parameters
[0.211s] Level 1:colcon.colcon_core.package_discovery:discover_packages(prefix_path) discover
[0.211s] WARNING:colcon.colcon_ros.prefix_path.ament:The path '/home/xiong/ros2_hik_camera/install/hik_camera' in the environment variable AMENT_PREFIX_PATH doesn't exist
[0.211s] WARNING:colcon.colcon_ros.prefix_path.catkin:The path '/home/xiong/ros2_hik_camera/install/hik_camera' in the environment variable CMAKE_PREFIX_PATH doesn't exist
[0.212s] DEBUG:colcon.colcon_installed_package_information.package_discovery:Found 0 installed packages in /home/xiong/ros2_hik_camera/install
[0.213s] DEBUG:colcon.colcon_installed_package_information.package_discovery:Found 278 installed packages in /opt/ros/humble
[0.221s] Level 1:colcon.colcon_core.package_discovery:discover_packages(prefix_path) using defaults
[0.247s] Level 5:colcon.colcon_core.verb:set package 'hik_camera' build argument 'cmake_args' from command line to 'None'
[0.247s] Level 5:colcon.colcon_core.verb:set package 'hik_camera' build argument 'cmake_target' from command line to 'None'
[0.247s] Level 5:colcon.colcon_core.verb:set package 'hik_camera' build argument 'cmake_target_skip_unavailable' from command line to 'False'
[0.247s] Level 5:colcon.colcon_core.verb:set package 'hik_camera' build argument 'cmake_clean_cache' from command line to 'False'
[0.247s] Level 5:colcon.colcon_core.verb:set package 'hik_camera' build argument 'cmake_clean_first' from command line to 'False'
[0.247s] Level 5:colcon.colcon_core.verb:set package 'hik_camera' build argument 'cmake_force_configure' from command line to 'False'
[0.247s] Level 5:colcon.colcon_core.verb:set package 'hik_camera' build argument 'ament_cmake_args' from command line to 'None'
[0.247s] Level 5:colcon.colcon_core.verb:set package 'hik_camera' build argument 'catkin_cmake_args' from command line to 'None'
[0.247s] Level 5:colcon.colcon_core.verb:set package 'hik_camera' build argument 'catkin_skip_building_tests' from command line to 'False'
[0.247s] DEBUG:colcon.colcon_core.verb:Building package 'hik_camera' with the following arguments: {'ament_cmake_args': None, 'build_base': '/home/xiong/ros2_hik_camera/build/hik_camera', 'catkin_cmake_args': None, 'catkin_skip_building_tests': False, 'cmake_args': None, 'cmake_clean_cache': False, 'cmake_clean_first': False, 'cmake_force_configure': False, 'cmake_target': None, 'cmake_target_skip_unavailable': False, 'install_base': '/home/xiong/ros2_hik_camera/install/hik_camera', 'merge_install': False, 'path': '/home/xiong/ros2_hik_camera', 'symlink_install': False, 'test_result_base': None}
[0.248s] INFO:colcon.colcon_core.executor:Executing jobs using 'parallel' executor
[0.248s] DEBUG:colcon.colcon_parallel_executor.executor.parallel:run_until_complete
[0.248s] INFO:colcon.colcon_ros.task.ament_cmake.build:Building ROS package in '/home/xiong/ros2_hik_camera' with build type 'ament_cmake'
[0.248s] INFO:colcon.colcon_cmake.task.cmake.build:Building CMake package in '/home/xiong/ros2_hik_camera'
[0.250s] INFO:colcon.colcon_core.plugin_system:Skipping extension 'colcon_core.shell.bat': Not used on non-Windows systems
[0.250s] INFO:colcon.colcon_core.shell:Skip shell extension 'powershell' for command environment: Not usable outside of PowerShell
[0.250s] DEBUG:colcon.colcon_core.shell:Skip shell extension 'dsv' for command environment
[0.256s] DEBUG:colcon.colcon_core.event_handler.log_command:Invoking command in '/home/xiong/ros2_hik_camera/build/hik_camera': CMAKE_PREFIX_PATH=${CMAKE_PREFIX_PATH}:/opt/ros/humble /usr/bin/cmake /home/xiong/ros2_hik_camera -DCMAKE_INSTALL_PREFIX=/home/xiong/ros2_hik_camera/install/hik_camera
[1.232s] DEBUG:colcon.colcon_core.event_handler.log_command:Invoked command in '/home/xiong/ros2_hik_camera/build/hik_camera' returned '0': CMAKE_PREFIX_PATH=${CMAKE_PREFIX_PATH}:/opt/ros/humble /usr/bin/cmake /home/xiong/ros2_hik_camera -DCMAKE_INSTALL_PREFIX=/home/xiong/ros2_hik_camera/install/hik_camera
[1.234s] DEBUG:colcon.colcon_core.event_handler.log_command:Invoking command in '/home/xiong/ros2_hik_camera/build/hik_camera': CMAKE_PREFIX_PATH=${CMAKE_PREFIX_PATH}:/opt/ros/humble /usr/bin/cmake --build /home/xiong/ros2_hik_camera/build/hik_camera -- -j16 -l16
[4.447s] DEBUG:colcon.colcon_core.event_handler.log_command:Invoked command in '/home/xiong/ros2_hik_camera/build/hik_camera' returned '0': CMAKE_PREFIX_PATH=${CMAKE_PREFIX_PATH}:/opt/ros/humble /usr/bin/cmake --build /home/xiong/ros2_hik_camera/build/hik_camera -- -j16 -l16
[4.459s] DEBUG:colcon.colcon_core.event_handler.log_command:Invoking command in '/home/xiong/ros2_hik_camera/build/hik_camera': CMAKE_PREFIX_PATH=${CMAKE_PREFIX_PATH}:/opt/ros/humble /usr/bin/cmake --install /home/xiong/ros2_hik_camera/build/hik_camera
[4.473s] Level 1:colcon.colcon_core.environment:create_environment_scripts_only(hik_camera)
[4.474s] DEBUG:colcon.colcon_core.event_handler.log_command:Invoked command in '/home/xiong/ros2_hik_camera/build/hik_camera' returned '0': CMAKE_PREFIX_PATH=${CMAKE_PREFIX_PATH}:/opt/ros/humble /usr/bin/cmake --install /home/xiong/ros2_hik_camera/build/hik_camera
[4.476s] Level 1:colcon.colcon_core.environment:checking '/home/xiong/ros2_hik_camera/install/hik_camera' for CMake module files
[4.476s] Level 1:colcon.colcon_core.environment:checking '/home/xiong/ros2_hik_camera/install/hik_camera' for CMake config files
[4.476s] Level 1:colcon.colcon_core.shell:create_environment_hook('hik_camera', 'cmake_prefix_path')
[4.477s] INFO:colcon.colcon_core.shell:Creating environment hook '/home/xiong/ros2_hik_camera/install/hik_camera/share/hik_camera/hook/cmake_prefix_path.ps1'
[4.477s] INFO:colcon.colcon_core.shell:Creating environment descriptor '/home/xiong/ros2_hik_camera/install/hik_camera/share/hik_camera/hook/cmake_prefix_path.dsv'
[4.478s] INFO:colcon.colcon_core.shell:Creating environment hook '/home/xiong/ros2_hik_camera/install/hik_camera/share/hik_camera/hook/cmake_prefix_path.sh'
[4.478s] Level 1:colcon.colcon_core.environment:checking '/home/xiong/ros2_hik_camera/install/hik_camera/lib'
[4.478s] Level 1:colcon.colcon_core.shell:create_environment_hook('hik_camera', 'ld_library_path_lib')
[4.478s] INFO:colcon.colcon_core.shell:Creating environment hook '/home/xiong/ros2_hik_camera/install/hik_camera/share/hik_camera/hook/ld_library_path_lib.ps1'
[4.479s] INFO:colcon.colcon_core.shell:Creating environment descriptor '/home/xiong/ros2_hik_camera/install/hik_camera/share/hik_camera/hook/ld_library_path_lib.dsv'
[4.479s] INFO:colcon.colcon_core.shell:Creating environment hook '/home/xiong/ros2_hik_camera/install/hik_camera/share/hik_camera/hook/ld_library_path_lib.sh'
[4.479s] Level 1:colcon.colcon_core.environment:checking '/home/xiong/ros2_hik_camera/install/hik_camera/bin'
[4.479s] Level 1:colcon.colcon_core.environment:checking '/home/xiong/ros2_hik_camera/install/hik_camera/lib/pkgconfig/hik_camera.pc'
[4.480s] Level 1:colcon.colcon_core.environment:checking '/home/xiong/ros2_hik_camera/install/hik_camera/lib/python3.10/site-packages'
[4.480s] Level 1:colcon.colcon_core.environment:checking '/home/xiong/ros2_hik_camera/install/hik_camera/bin'
[4.480s] INFO:colcon.colcon_core.shell:Creating package script '/home/xiong/ros2_hik_camera/install/hik_camera/share/hik_camera/package.ps1'
[4.481s] INFO:colcon.colcon_core.shell:Creating package descriptor '/home/xiong/ros2_hik_camera/install/hik_camera/share/hik_camera/package.dsv'
[4.481s] INFO:colcon.colcon_core.shell:Creating package script '/home/xiong/ros2_hik_camera/install/hik_camera/share/hik_camera/package.sh'
[4.482s] INFO:colcon.colcon_core.shell:Creating package script '/home/xiong/ros2_hik_camera/install/hik_camera/share/hik_camera/package.bash'
[4.482s] INFO:colcon.colcon_core.shell:Creating package script '/home/xiong/ros2_hik_camera/install/hik_camera/share/hik_camera/package.zsh'
[4.483s] Level 1:colcon.colcon_core.environment:create_file_with_runtime_dependencies(/home/xiong/ros2_hik_camera/install/hik_camera/share/colcon-core/packages/hik_camera)
[4.484s] Level 1:colcon.colcon_core.environment:create_environment_scripts_only(hik_camera)
[4.484s] Level 1:colcon.colcon_core.environment:checking '/home/xiong/ros2_hik_camera/install/hik_camera' for CMake module files
[4.485s] Level 1:colcon.colcon_core.environment:checking '/home/xiong/ros2_hik_camera/install/hik_camera' for CMake config files
[4.485s] Level 1:colcon.colcon_core.shell:create_environment_hook('hik_camera', 'cmake_prefix_path')
[4.485s] INFO:colcon.colcon_core.shell:Creating environment hook '/home/xiong/ros2_hik_camera/install/hik_camera/share/hik_camera/hook/cmake_prefix_path.ps1'
[4.486s] INFO:colcon.colcon_core.shell:Creating environment descriptor '/home/xiong/ros2_hik_camera/install/hik_camera/share/hik_camera/hook/cmake_prefix_path.dsv'
[4.486s] INFO:colcon.colcon_core.shell:Creating environment hook '/home/xiong/ros2_hik_camera/install/hik_camera/share/hik_camera/hook/cmake_prefix_path.sh'
[4.487s] Level 1:colcon.colcon_core.environment:checking '/home/xiong/ros2_hik_camera/install/hik_camera/lib'
[4.487s] Level 1:colcon.colcon_core.shell:create_environment_hook('hik_camera', 'ld_library_path_lib')
[4.487s] INFO:colcon.colcon_core.shell:Creating environment hook '/home/xiong/ros2_hik_camera/install/hik_camera/share/hik_camera/hook/ld_library_path_lib.ps1'
[4.487s] INFO:colcon.colcon_core.shell:Creating environment descriptor '/home/xiong/ros2_hik_camera/install/hik_camera/share/hik_camera/hook/ld_library_path_lib.dsv'
[4.488s] INFO:colcon.colcon_core.shell:Creating environment hook '/home/xiong/ros2_hik_camera/install/hik_camera/share/hik_camera/hook/ld_library_path_lib.sh'
[4.488s] Level 1:colcon.colcon_core.environment:checking '/home/xiong/ros2_hik_camera/install/hik_camera/bin'
[4.488s] Level 1:colcon.colcon_core.environment:checking '/home/xiong/ros2_hik_camera/install/hik_camera/lib/pkgconfig/hik_camera.pc'
[4.488s] Level 1:colcon.colcon_core.environment:checking '/home/xiong/ros2_hik_camera/install/hik_camera/lib/python3.10/site-packages'
[4.488s] Level 1:colcon.colcon_core.environment:checking '/home/xiong/ros2_hik_camera/install/hik_camera/bin'
[4.489s] INFO:colcon.colcon_core.shell:Creating package script '/home/xiong/ros2_hik_camera/install/hik_camera/share/hik_camera/package.ps1'
[4.489s] INFO:colcon.colcon_core.shell:Creating package descriptor '/home/xiong/ros2_hik_camera/install/hik_camera/share/hik_camera/package.dsv'
[4.489s] INFO:colcon.colcon_core.shell:Creating package script '/home/xiong/ros2_hik_camera/install/hik_camera/share/hik_camera/package.sh'
[4.490s] INFO:colcon.colcon_core.shell:Creating package script '/home/xiong/ros2_hik_camera/install/hik_camera/share/hik_camera/package.bash'
[4.490s] INFO:colcon.colcon_core.shell:Creating package script '/home/xiong/ros2_hik_camera/install/hik_camera/share/hik_camera/package.zsh'
[4.490s] Level 1:colcon.colcon_core.environment:create_file_with_runtime_dependencies(/home/xiong/ros2_hik_camera/install/hik_camera/share/colcon-core/packages/hik_camera)
[4.490s] DEBUG:colcon.colcon_parallel_executor.executor.parallel:closing loop
[4.491s] DEBUG:colcon.colcon_parallel_executor.executor.parallel:loop closed
[4.491s] DEBUG:colcon.colcon_parallel_executor.executor.parallel:run_until_complete finished with '0'
[4.491s] DEBUG:colcon.colcon_core.event_reactor:joining thread
[4.495s] INFO:colcon.colcon_core.plugin_system:Skipping extension 'colcon_notification.desktop_notification.terminal_notifier': Not used on non-Darwin systems
[4.495s] INFO:colcon.colcon_core.plugin_system:Skipping extension 'colcon_notification.desktop_notification.win32': Not used on non-Windows systems
[4.495s] INFO:colcon.colcon_notification.desktop_notification:Sending desktop notification using 'notify2'
[4.505s] DEBUG:colcon.colcon_core.event_reactor:joined thread
[4.505s] INFO:colcon.colcon_core.shell:Creating prefix script '/home/xiong/ros2_hik_camera/install/local_setup.ps1'
[4.506s] INFO:colcon.colcon_core.shell:Creating prefix util module '/home/xiong/ros2_hik_camera/install/_local_setup_util_ps1.py'
[4.507s] INFO:colcon.colcon_core.shell:Creating prefix chain script '/home/xiong/ros2_hik_camera/install/setup.ps1'
[4.508s] INFO:colcon.colcon_core.shell:Creating prefix script '/home/xiong/ros2_hik_camera/install/local_setup.sh'
[4.508s] INFO:colcon.colcon_core.shell:Creating prefix util module '/home/xiong/ros2_hik_camera/install/_local_setup_util_sh.py'
[4.509s] INFO:colcon.colcon_core.shell:Creating prefix chain script '/home/xiong/ros2_hik_camera/install/setup.sh'
[4.509s] INFO:colcon.colcon_core.shell:Creating prefix script '/home/xiong/ros2_hik_camera/install/local_setup.bash'
[4.510s] INFO:colcon.colcon_core.shell:Creating prefix chain script '/home/xiong/ros2_hik_camera/install/setup.bash'
[4.511s] INFO:colcon.colcon_core.shell:Creating prefix script '/home/xiong/ros2_hik_camera/install/local_setup.zsh'
[4.511s] INFO:colcon.colcon_core.shell:Creating prefix chain script '/home/xiong/ros2_hik_camera/install/setup.zsh'
