[ 50%] Built target hik_camera_node
[100%] Built target hik_camera
-- Install configuration: ""
-- Up-to-date: /home/xiong/ros2_hik_camera/install/hik_camera/lib/hik_camera/hik_camera_node
-- Up-to-date: /home/xiong/ros2_hik_camera/install/hik_camera/lib/libhik_camera.so
-- Up-to-date: /home/xiong/ros2_hik_camera/install/hik_camera/lib/hik_camera/hik_camera_node
-- Up-to-date: /home/xiong/ros2_hik_camera/install/hik_camera/share/hik_camera/config
-- Up-to-date: /home/xiong/ros2_hik_camera/install/hik_camera/share/hik_camera/config/camera1.yaml
-- Up-to-date: /home/xiong/ros2_hik_camera/install/hik_camera/share/hik_camera/config/hik_camera_config.yaml
-- Up-to-date: /home/xiong/ros2_hik_camera/install/hik_camera/share/hik_camera/config/camera0.yaml
-- Up-to-date: /home/xiong/ros2_hik_camera/install/hik_camera/share/hik_camera/launch
-- Up-to-date: /home/xiong/ros2_hik_camera/install/hik_camera/share/hik_camera/launch/hik_camera.launch.py
-- Up-to-date: /home/xiong/ros2_hik_camera/install/hik_camera/share/hik_camera/launch/calibrationbiaoding.launch.py
-- Up-to-date: /home/xiong/ros2_hik_camera/install/hik_camera/share/ament_index/resource_index/package_run_dependencies/hik_camera
-- Up-to-date: /home/xiong/ros2_hik_camera/install/hik_camera/share/ament_index/resource_index/parent_prefix_path/hik_camera
-- Up-to-date: /home/xiong/ros2_hik_camera/install/hik_camera/share/hik_camera/environment/ament_prefix_path.sh
-- Up-to-date: /home/xiong/ros2_hik_camera/install/hik_camera/share/hik_camera/environment/ament_prefix_path.dsv
-- Up-to-date: /home/xiong/ros2_hik_camera/install/hik_camera/share/hik_camera/environment/path.sh
-- Up-to-date: /home/xiong/ros2_hik_camera/install/hik_camera/share/hik_camera/environment/path.dsv
-- Up-to-date: /home/xiong/ros2_hik_camera/install/hik_camera/share/hik_camera/local_setup.bash
-- Up-to-date: /home/xiong/ros2_hik_camera/install/hik_camera/share/hik_camera/local_setup.sh
-- Up-to-date: /home/xiong/ros2_hik_camera/install/hik_camera/share/hik_camera/local_setup.zsh
-- Up-to-date: /home/xiong/ros2_hik_camera/install/hik_camera/share/hik_camera/local_setup.dsv
-- Installing: /home/xiong/ros2_hik_camera/install/hik_camera/share/hik_camera/package.dsv
-- Up-to-date: /home/xiong/ros2_hik_camera/install/hik_camera/share/ament_index/resource_index/packages/hik_camera
-- Up-to-date: /home/xiong/ros2_hik_camera/install/hik_camera/share/ament_index/resource_index/rclcpp_components/hik_camera
-- Up-to-date: /home/xiong/ros2_hik_camera/install/hik_camera/share/hik_camera/cmake/hik_cameraConfig.cmake
-- Up-to-date: /home/xiong/ros2_hik_camera/install/hik_camera/share/hik_camera/cmake/hik_cameraConfig-version.cmake
-- Up-to-date: /home/xiong/ros2_hik_camera/install/hik_camera/share/hik_camera/package.xml
