[0.010s] Invoking command in '/home/xiong/ros2_hik_camera/build/hik_camera': CMAKE_PREFIX_PATH=/opt/ros/humble /usr/local/bin/cmake --build /home/xiong/ros2_hik_camera/build/hik_camera -- -j16 -l16
[0.039s] [ 50%] Built target hik_camera_node
[0.046s] [100%] Built target hik_camera
[0.051s] Invoked command in '/home/xiong/ros2_hik_camera/build/hik_camera' returned '0': CMAKE_PREFIX_PATH=/opt/ros/humble /usr/local/bin/cmake --build /home/xiong/ros2_hik_camera/build/hik_camera -- -j16 -l16
[0.056s] Invoking command in '/home/xiong/ros2_hik_camera/build/hik_camera': CMAKE_PREFIX_PATH=/opt/ros/humble /usr/local/bin/cmake --install /home/xiong/ros2_hik_camera/build/hik_camera
[0.058s] -- Install configuration: ""
[0.059s] -- Up-to-date: /home/xiong/ros2_hik_camera/install/hik_camera/lib/hik_camera/hik_camera_node
[0.059s] -- Up-to-date: /home/xiong/ros2_hik_camera/install/hik_camera/lib/libhik_camera.so
[0.059s] -- Up-to-date: /home/xiong/ros2_hik_camera/install/hik_camera/lib/hik_camera/hik_camera_node
[0.060s] -- Up-to-date: /home/xiong/ros2_hik_camera/install/hik_camera/share/hik_camera/config
[0.060s] -- Up-to-date: /home/xiong/ros2_hik_camera/install/hik_camera/share/hik_camera/config/camera1.yaml
[0.060s] -- Up-to-date: /home/xiong/ros2_hik_camera/install/hik_camera/share/hik_camera/config/hik_camera_config.yaml
[0.060s] -- Up-to-date: /home/xiong/ros2_hik_camera/install/hik_camera/share/hik_camera/config/camera0.yaml
[0.060s] -- Up-to-date: /home/xiong/ros2_hik_camera/install/hik_camera/share/hik_camera/launch
[0.060s] -- Up-to-date: /home/xiong/ros2_hik_camera/install/hik_camera/share/hik_camera/launch/hik_camera.launch.py
[0.060s] -- Up-to-date: /home/xiong/ros2_hik_camera/install/hik_camera/share/hik_camera/launch/calibrationbiaoding.launch.py
[0.060s] -- Up-to-date: /home/xiong/ros2_hik_camera/install/hik_camera/share/ament_index/resource_index/package_run_dependencies/hik_camera
[0.060s] -- Up-to-date: /home/xiong/ros2_hik_camera/install/hik_camera/share/ament_index/resource_index/parent_prefix_path/hik_camera
[0.060s] -- Up-to-date: /home/xiong/ros2_hik_camera/install/hik_camera/share/hik_camera/environment/ament_prefix_path.sh
[0.060s] -- Up-to-date: /home/xiong/ros2_hik_camera/install/hik_camera/share/hik_camera/environment/ament_prefix_path.dsv
[0.061s] -- Up-to-date: /home/xiong/ros2_hik_camera/install/hik_camera/share/hik_camera/environment/path.sh
[0.061s] -- Up-to-date: /home/xiong/ros2_hik_camera/install/hik_camera/share/hik_camera/environment/path.dsv
[0.061s] -- Up-to-date: /home/xiong/ros2_hik_camera/install/hik_camera/share/hik_camera/local_setup.bash
[0.061s] -- Up-to-date: /home/xiong/ros2_hik_camera/install/hik_camera/share/hik_camera/local_setup.sh
[0.061s] -- Up-to-date: /home/xiong/ros2_hik_camera/install/hik_camera/share/hik_camera/local_setup.zsh
[0.061s] -- Up-to-date: /home/xiong/ros2_hik_camera/install/hik_camera/share/hik_camera/local_setup.dsv
[0.061s] -- Installing: /home/xiong/ros2_hik_camera/install/hik_camera/share/hik_camera/package.dsv
[0.061s] -- Up-to-date: /home/xiong/ros2_hik_camera/install/hik_camera/share/ament_index/resource_index/packages/hik_camera
[0.061s] -- Up-to-date: /home/xiong/ros2_hik_camera/install/hik_camera/share/ament_index/resource_index/rclcpp_components/hik_camera
[0.061s] -- Up-to-date: /home/xiong/ros2_hik_camera/install/hik_camera/share/hik_camera/cmake/hik_cameraConfig.cmake
[0.061s] -- Up-to-date: /home/xiong/ros2_hik_camera/install/hik_camera/share/hik_camera/cmake/hik_cameraConfig-version.cmake
[0.061s] -- Up-to-date: /home/xiong/ros2_hik_camera/install/hik_camera/share/hik_camera/package.xml
[0.063s] Invoked command in '/home/xiong/ros2_hik_camera/build/hik_camera' returned '0': CMAKE_PREFIX_PATH=/opt/ros/humble /usr/local/bin/cmake --install /home/xiong/ros2_hik_camera/build/hik_camera
